Change Component Designator: Old Designator=C? New Designator=C51
Change Component Designator: Old Designator=C? New Designator=C52
Change Component Designator: Old Designator=C? New Designator=C53
Change Component Designator: Old Designator=C? New Designator=C54
Change Component Designator: Old Designator=C? New Designator=C55
Change Component Designator: Old Designator=C? New Designator=C56
Change Component Designator: Old Designator=C? New Designator=C57
Change Component Designator: Old Designator=C? New Designator=C58
Change Component Designator: Old Designator=C? New Designator=C59
Change Component Designator: Old Designator=C? New Designator=C60
Change Component Designator: Old Designator=C? New Designator=C61
Change Component Designator: Old Designator=C? New Designator=C62
Change Component Designator: Old Designator=D? New Designator=D17
Change Component Designator: Old Designator=D? New Designator=D18
Change Component Designator: Old Designator=D? New Designator=D19
Change Component Designator: Old Designator=FL? New Designator=FL5
Change Component Designator: Old Designator=FL? New Designator=FL6
Change Component Designator: Old Designator=FL? New Designator=FL7
Change Component Designator: Old Designator=FL? New Designator=FL8
Change Component Designator: Old Designator=J? New Designator=J8
Change Component Designator: Old Designator=R? New Designator=R82
Change Component Designator: Old Designator=R? New Designator=R83
Change Component Designator: Old Designator=R? New Designator=R84
Change Component Designator: Old Designator=R? New Designator=R85
Change Component Designator: Old Designator=R? New Designator=R86
Change Component Designator: Old Designator=R? New Designator=R87
Change Component Designator: Old Designator=R? New Designator=R88
Change Component Designator: Old Designator=R? New Designator=R89
Change Component Designator: Old Designator=R? New Designator=R90
Change Component Designator: Old Designator=R? New Designator=R91
Change Component Designator: Old Designator=R? New Designator=R92
Change Component Designator: Old Designator=R? New Designator=R93
Change Component Designator: Old Designator=R? New Designator=R94
Change Component Designator: Old Designator=R? New Designator=R95
Change Component Designator: Old Designator=R? New Designator=R96
Change Component Designator: Old Designator=R? New Designator=R97
Change Component Designator: Old Designator=R? New Designator=R98
Change Component Designator: Old Designator=R? New Designator=R99
Change Component Designator: Old Designator=U? New Designator=U17
Change Component Designator: Old Designator=U? New Designator=U18
Change Component Designator: Old Designator=U? New Designator=U19
